2020-05-25 22:41:43.153 [main] WARN  org.springframework.boot.StartupInfoLogger - InetAddress.getLocalHost().getHostName() took 5003 milliseconds to respond. Please verify your network configuration (macOS machines may need to add entries to /etc/hosts).
2020-05-25 22:41:48.161 [main] INFO  com.example.logdemo.LogdemoApplication - Starting LogdemoApplication on appledeMacBook-Pro.local with PID 48564 (/Users/apple/IdeaProjects/logdemo/target/classes started by apple in /Users/apple/IdeaProjects/logdemo)
2020-05-25 22:41:48.163 [main] INFO  com.example.logdemo.LogdemoApplication - No active profile set, falling back to default profiles: default
2020-05-25 22:41:51.416 [main] INFO  o.s.boot.web.embedded.tomcat.TomcatWebServer - Tomcat initialized with port(s): 11111 (http)
2020-05-25 22:41:51.451 [main] INFO  org.apache.coyote.http11.Http11NioProtocol - Initializing ProtocolHandler ["http-nio-11111"]
2020-05-25 22:41:51.452 [main] INFO  org.apache.catalina.core.StandardService - Starting service [Tomcat]
2020-05-25 22:41:51.453 [main] INFO  org.apache.catalina.core.StandardEngine - Starting Servlet engine: [Apache Tomcat/9.0.35]
2020-05-25 22:41:51.707 [main] INFO  o.a.c.core.ContainerBase.[Tomcat].[localhost].[/] - Initializing Spring embedded WebApplicationContext
2020-05-25 22:41:51.707 [main] INFO  org.springframework.web.context.ContextLoader - Root WebApplicationContext: initialization completed in 3433 ms
2020-05-25 22:41:52.113 [main] INFO  o.s.scheduling.concurrent.ThreadPoolTaskExecutor - Initializing ExecutorService 'applicationTaskExecutor'
2020-05-25 22:41:52.530 [main] INFO  org.apache.coyote.http11.Http11NioProtocol - Starting ProtocolHandler ["http-nio-11111"]
2020-05-25 22:41:52.613 [main] INFO  o.s.boot.web.embedded.tomcat.TomcatWebServer - Tomcat started on port(s): 11111 (http) with context path ''
2020-05-25 22:41:52.648 [main] INFO  com.example.logdemo.LogdemoApplication - Started LogdemoApplication in 25.678 seconds (JVM running for 32.676)
2020-05-25 22:42:09.640 [http-nio-11111-exec-1] INFO  o.a.c.core.ContainerBase.[Tomcat].[localhost].[/] - Initializing Spring DispatcherServlet 'dispatcherServlet'
2020-05-25 22:42:09.641 [http-nio-11111-exec-1] INFO  org.springframework.web.servlet.DispatcherServlet - Initializing Servlet 'dispatcherServlet'
2020-05-25 22:42:09.652 [http-nio-11111-exec-1] INFO  org.springframework.web.servlet.DispatcherServlet - Completed initialization in 11 ms
2020-05-25 22:42:16.739 [SpringContextShutdownHook] INFO  o.s.scheduling.concurrent.ThreadPoolTaskExecutor - Shutting down ExecutorService 'applicationTaskExecutor'
2020-05-25 22:42:56.838 [main] WARN  org.springframework.boot.StartupInfoLogger - InetAddress.getLocalHost().getHostName() took 5006 milliseconds to respond. Please verify your network configuration (macOS machines may need to add entries to /etc/hosts).
2020-05-25 22:43:01.855 [main] INFO  com.example.logdemo.LogdemoApplicationTests - Starting LogdemoApplicationTests on appledeMacBook-Pro.local with PID 48580 (started by apple in /Users/apple/IdeaProjects/logdemo)
2020-05-25 22:43:01.857 [main] INFO  com.example.logdemo.LogdemoApplicationTests - No active profile set, falling back to default profiles: default
2020-05-25 22:43:05.277 [main] INFO  o.s.scheduling.concurrent.ThreadPoolTaskExecutor - Initializing ExecutorService 'applicationTaskExecutor'
2020-05-25 22:43:05.757 [main] INFO  com.example.logdemo.LogdemoApplicationTests - Started LogdemoApplicationTests in 24.622 seconds (JVM running for 26.722)
2020-05-25 22:43:06.280 [SpringContextShutdownHook] INFO  o.s.scheduling.concurrent.ThreadPoolTaskExecutor - Shutting down ExecutorService 'applicationTaskExecutor'
